<?xml version="1.0" encoding="UTF-8"?>
<!-- Generated by org.testng.reporters.JUnitReportReporter -->
<testsuite hostname="DESKTOP-8J80EMB" failures="0" tests="6" name="com.sample_testng.Grouping_test" time="0.052" errors="0" timestamp="2024-10-03T13:02:54 IST" skipped="0">
  <testcase classname="com.sample_testng.Grouping_test" name="apple" time="0.026"/>
  <system-out/>
  <testcase classname="com.sample_testng.Grouping_test" name="samsung" time="0.004"/>
  <system-out/>
  <testcase classname="com.sample_testng.Grouping_test" name="hp" time="0.009"/>
  <system-out/>
  <testcase classname="com.sample_testng.Grouping_test" name="iphone" time="0.003"/>
  <system-out/>
  <testcase classname="com.sample_testng.Grouping_test" name="asus" time="0.002"/>
  <system-out/>
  <testcase classname="com.sample_testng.Grouping_test" name="poco" time="0.008"/>
  <system-out/>
</testsuite> <!-- com.sample_testng.Grouping_test -->
