<?xml version="1.0" encoding="UTF-8"?>
<!-- Generated by org.testng.reporters.JUnitReportReporter -->
<testsuite hostname="DESKTOP-8J80EMB" failures="0" tests="3" name="com.sample_testng.Prioritytest" time="0.042" errors="0" timestamp="2024-10-04T21:23:07 IST" skipped="0">
  <testcase classname="com.sample_testng.Prioritytest" name="browserlaunch" time="0.035"/>
  <system-out/>
  <testcase classname="com.sample_testng.Prioritytest" name="searchproduct" time="0.004"/>
  <system-out/>
  <testcase classname="com.sample_testng.Prioritytest" name="logout" time="0.003"/>
  <system-out/>
</testsuite> <!-- com.sample_testng.Prioritytest -->
