<?xml version="1.0" encoding="UTF-8"?>
<!-- Generated by org.testng.reporters.JUnitReportReporter -->
<testsuite hostname="DESKTOP-8J80EMB" failures="0" tests="1" name="com.sample_testng.Timeouts" time="2.039" errors="0" timestamp="2024-10-03T13:25:55 IST" skipped="0">
  <testcase classname="com.sample_testng.Timeouts" name="fb_url_launch" time="2.039"/>
  <system-out/>
</testsuite> <!-- com.sample_testng.Timeouts -->
