<?xml version="1.0" encoding="UTF-8"?>
<!-- Generated by org.testng.reporters.JUnitReportReporter -->
<testsuite hostname="DESKTOP-8J80EMB" failures="0" tests="1" name="com.sample_testng.Simple_annotation" time="0.027" errors="0" timestamp="2024-10-02T23:06:54 IST" skipped="0">
  <testcase classname="com.sample_testng.Simple_annotation" name="selectproduct" time="0.027"/>
  <system-out/>
</testsuite> <!-- com.sample_testng.Simple_annotation -->
