<?xml version="1.0" encoding="UTF-8"?>
<!-- Generated by org.testng.reporters.JUnitReportReporter -->
<testsuite hostname="DESKTOP-8J80EMB" failures="0" tests="2" name="com.sample_testng.Dependencytest" time="17.006" errors="0" timestamp="2024-10-04T21:30:02 IST" skipped="0">
  <testcase classname="com.sample_testng.Dependencytest" name="fblaunch" time="14.992"/>
  <system-out/>
  <testcase classname="com.sample_testng.Dependencytest" name="searchproduct" time="2.014"/>
  <system-out/>
</testsuite> <!-- com.sample_testng.Dependencytest -->
