<?xml version="1.0" encoding="UTF-8"?>
<!-- Generated by org.testng.reporters.JUnitReportReporter -->
<testsuite hostname="DESKTOP-8J80EMB" failures="0" tests="2" name="com.sample_testng.Dataprovider_test" time="19.807" errors="0" timestamp="2024-10-04T22:04:19 IST" skipped="0">
  <testcase classname="com.sample_testng.Dataprovider_test" name="login" time="4.306"/>
  <system-out/>
  <testcase classname="com.sample_testng.Dataprovider_test" name="login" time="15.501"/>
  <system-out/>
</testsuite> <!-- com.sample_testng.Dataprovider_test -->
