<?xml version="1.0" encoding="UTF-8"?>
<!-- Generated by org.testng.reporters.JUnitReportReporter -->
<testsuite hostname="DESKTOP-8J80EMB" failures="0" tests="2" name="com.sample_testng.Ignore" time="0.096" errors="0" timestamp="2024-10-04T11:39:27 IST" skipped="1">
  <testcase classname="com.sample_testng.Ignore" name="flipkart" time="0.096"/>
  <system-out/>
  <testcase classname="com.sample_testng.Ignore" name="productsearch">
    <skipped/>
  </testcase> <!-- productsearch -->
  <system-out/>
</testsuite> <!-- com.sample_testng.Ignore -->
