<?xml version="1.0" encoding="UTF-8"?>
<!-- Generated by org.testng.reporters.JUnitReportReporter -->
<testsuite hostname="DESKTOP-8J80EMB" failures="0" tests="1" name="com.sample_testng.Paralleltest" time="18.133" errors="0" timestamp="2024-10-04T13:19:14 IST" skipped="0">
  <testcase classname="com.sample_testng.Paralleltest" name="instalaunch" time="18.133"/>
  <system-out/>
</testsuite> <!-- com.sample_testng.Paralleltest -->
