<?xml version="1.0" encoding="UTF-8"?>
<!-- Generated by org.testng.reporters.JUnitReportReporter -->
<testsuite hostname="DESKTOP-8J80EMB" failures="0" tests="3" name="com.sample_testng.Invocation_count" time="51.940" errors="0" timestamp="2024-10-04T21:21:28 IST" skipped="0">
  <testcase classname="com.sample_testng.Invocation_count" name="email" time="36.548"/>
  <system-out/>
  <testcase classname="com.sample_testng.Invocation_count" name="email" time="15.388"/>
  <system-out/>
  <testcase classname="com.sample_testng.Invocation_count" name="password" time="0.004"/>
  <system-out/>
</testsuite> <!-- com.sample_testng.Invocation_count -->
