<?xml version="1.0" encoding="UTF-8"?>
<!-- Generated by org.testng.reporters.JUnitReportReporter -->
<testsuite hostname="DESKTOP-8J80EMB" failures="0" tests="1" name="com.sample_testng.Parameterizedtest" time="1.212" errors="0" timestamp="2024-10-04T12:59:29 IST" skipped="0">
  <testcase classname="com.sample_testng.Parameterizedtest" name="login" time="1.212"/>
  <system-out/>
</testsuite> <!-- com.sample_testng.Parameterizedtest -->
